C:\Programming\TestTaskBrokereeSolutions\ResourceApp\dist\out-tsc\app\app.component.js
C:\Programming\TestTaskBrokereeSolutions\ResourceApp\dist\out-tsc\app\app.component.js.map
C:\Programming\TestTaskBrokereeSolutions\ResourceApp\dist\out-tsc\app\shared\resource-detail.model.js
C:\Programming\TestTaskBrokereeSolutions\ResourceApp\dist\out-tsc\app\shared\resource-detail.model.js.map
C:\Programming\TestTaskBrokereeSolutions\ResourceApp\dist\out-tsc\app\shared\resource-detail.service.js
C:\Programming\TestTaskBrokereeSolutions\ResourceApp\dist\out-tsc\app\shared\resource-detail.service.js.map
C:\Programming\TestTaskBrokereeSolutions\ResourceApp\dist\out-tsc\app\resource-details\resource-details.component.js
C:\Programming\TestTaskBrokereeSolutions\ResourceApp\dist\out-tsc\app\resource-details\resource-details.component.js.map
C:\Programming\TestTaskBrokereeSolutions\ResourceApp\dist\out-tsc\app\resource-details\resource-detail-form\resource-detail-form.component.js
C:\Programming\TestTaskBrokereeSolutions\ResourceApp\dist\out-tsc\app\resource-details\resource-detail-form\resource-detail-form.component.js.map
C:\Programming\TestTaskBrokereeSolutions\ResourceApp\dist\out-tsc\app\app.module.js
C:\Programming\TestTaskBrokereeSolutions\ResourceApp\dist\out-tsc\app\app.module.js.map
C:\Programming\TestTaskBrokereeSolutions\ResourceApp\dist\out-tsc\environments\environment.js
C:\Programming\TestTaskBrokereeSolutions\ResourceApp\dist\out-tsc\environments\environment.js.map
C:\Programming\TestTaskBrokereeSolutions\ResourceApp\dist\out-tsc\main.js
C:\Programming\TestTaskBrokereeSolutions\ResourceApp\dist\out-tsc\main.js.map
C:\Programming\TestTaskBrokereeSolutions\ResourceApp\dist\out-tsc\polyfills.js
C:\Programming\TestTaskBrokereeSolutions\ResourceApp\dist\out-tsc\polyfills.js.map
C:\Programming\TestTaskBrokereeSolutions\ResourceApp\dist\out-tsc\test.js
C:\Programming\TestTaskBrokereeSolutions\ResourceApp\dist\out-tsc\test.js.map
C:\Programming\TestTaskBrokereeSolutions\ResourceApp\dist\out-tsc\app\app.component.spec.js
C:\Programming\TestTaskBrokereeSolutions\ResourceApp\dist\out-tsc\app\app.component.spec.js.map
C:\Programming\TestTaskBrokereeSolutions\ResourceApp\dist\out-tsc\environments\environment.prod.js
C:\Programming\TestTaskBrokereeSolutions\ResourceApp\dist\out-tsc\environments\environment.prod.js.map
